[2021-07-17 10:38:16,785] {taskinstance.py:896} INFO - Dependencies all met for <TaskInstance: spotify_dag.spotify_etl 2021-07-17T10:38:13.862938+00:00 [queued]>
[2021-07-17 10:38:16,816] {taskinstance.py:896} INFO - Dependencies all met for <TaskInstance: spotify_dag.spotify_etl 2021-07-17T10:38:13.862938+00:00 [queued]>
[2021-07-17 10:38:16,818] {taskinstance.py:1087} INFO - 
--------------------------------------------------------------------------------
[2021-07-17 10:38:16,819] {taskinstance.py:1088} INFO - Starting attempt 1 of 2
[2021-07-17 10:38:16,821] {taskinstance.py:1089} INFO - 
--------------------------------------------------------------------------------
[2021-07-17 10:38:16,841] {taskinstance.py:1107} INFO - Executing <Task(PythonOperator): spotify_etl> on 2021-07-17T10:38:13.862938+00:00
[2021-07-17 10:38:16,847] {standard_task_runner.py:52} INFO - Started process 5324 to run task
[2021-07-17 10:38:16,854] {standard_task_runner.py:76} INFO - Running: ['***', 'tasks', 'run', 'spotify_dag', 'spotify_etl', '2021-07-17T10:38:13.862938+00:00', '--job-id', '181', '--pool', 'default_pool', '--raw', '--subdir', 'DAGS_FOLDER/spotify_dag.py', '--cfg-path', '/tmp/tmpisdzwx_b', '--error-file', '/tmp/tmpizqkkc20']
[2021-07-17 10:38:16,856] {standard_task_runner.py:77} INFO - Job 181: Subtask spotify_etl
[2021-07-17 10:38:16,928] {logging_mixin.py:104} INFO - Running <TaskInstance: spotify_dag.spotify_etl 2021-07-17T10:38:13.862938+00:00 [running]> on host 47b2820c0b7e
[2021-07-17 10:38:17,040] {taskinstance.py:1302} INFO - Exporting the following env vars:
AIRFLOW_CTX_DAG_EMAIL=***@example.com
AIRFLOW_CTX_DAG_OWNER=***
AIRFLOW_CTX_DAG_ID=spotify_dag
AIRFLOW_CTX_TASK_ID=spotify_etl
AIRFLOW_CTX_EXECUTION_DATE=2021-07-17T10:38:13.862938+00:00
AIRFLOW_CTX_DAG_RUN_ID=manual__2021-07-17T10:38:13.862938+00:00
[2021-07-17 10:38:17,740] {logging_mixin.py:104} INFO -                                   unique_identifier  ...               artist_id
0   3TcL0dyCMyr0kyTTc4NLgI-2021-07-17T09:13:12.647Z  ...  6dJeKm76NjfXBNTpHmOhfO
1   4dljlmVE5RTpAiEwCi6kkD-2021-07-17T06:38:09.115Z  ...  0LyfQWJT6nXafLPZqxe9Of
2   2BgEsaKNfHUdlh97KmvFyo-2021-07-17T06:20:00.932Z  ...  1zNqDE7qDGCsyzJwohVaoX
3   6FB3v4YcR57y4tXFcdxI1E-2021-07-17T05:57:29.563Z  ...  06HL4z0CvFAxyc27GXpf02
4   079Ey5uxL04AKPQgVQwx5h-2021-07-17T05:52:09.733Z  ...  0C8ZW7ezQVs4URX5aX7Kqx
5   4l0Mvzj72xxOpRrp6h8nHi-2021-07-17T05:34:32.537Z  ...  0C8ZW7ezQVs4URX5aX7Kqx
6   68iBMrMRc1rg4eAxJbvxch-2021-07-17T02:47:19.534Z  ...  1OPqAyxsQc8mcRmoNBAnVk
7   1YMLgvsQdE27r30q0fsLeV-2021-07-17T02:44:04.538Z  ...  0sSxphmGskGCKlwB9xa6WU
8   4TAdD9qxGEZR8hQQL3DXH8-2021-07-17T02:38:23.271Z  ...  4IKVDbCSBTxBeAsMKjAuTs
9   5qtEWwRUX3GKgpWwDQf9SA-2021-07-17T02:33:13.613Z  ...  1wRPtKGflJrBx9BmLsSwlU
10  7rMqbvNImA6wy8lxlNUMmj-2021-07-17T02:28:55.079Z  ...  09UmIX92EUH9hAK4bxvHx6
11  2Fv2injs4qAm8mJBGaxVKU-2021-07-17T02:23:43.585Z  ...  4YRxDV8wJFPHPTeXepOstw
12  0qPLlSlMNQgI3z6wykpL8R-2021-07-17T02:18:58.304Z  ...  0LyfQWJT6nXafLPZqxe9Of
13  4dljlmVE5RTpAiEwCi6kkD-2021-07-17T02:14:57.757Z  ...  0LyfQWJT6nXafLPZqxe9Of
14  4dljlmVE5RTpAiEwCi6kkD-2021-07-17T01:55:08.725Z  ...  0LyfQWJT6nXafLPZqxe9Of

[15 rows x 9 columns]
[2021-07-17 10:38:17,783] {logging_mixin.py:104} INFO -                   album_id  ...                                                url
0   49yHvRh1cOfLcEKukEP7Ox  ...  https://open.spotify.com/album/49yHvRh1cOfLcEK...
1   5Mpodk3gBVn1eSAVlfbci4  ...  https://open.spotify.com/album/5Mpodk3gBVn1eSA...
2   7lPoGKpCGgdKFAxpudhAH5  ...  https://open.spotify.com/album/7lPoGKpCGgdKFAx...
3   4jTYApZPMapg56gRycOn0D  ...  https://open.spotify.com/album/4jTYApZPMapg56g...
4   2jGa3OwXatFYQAIS7OV7k9  ...  https://open.spotify.com/album/2jGa3OwXatFYQAI...
5   3YPFaTR7WMi1Hd4NVKdCJx  ...  https://open.spotify.com/album/3YPFaTR7WMi1Hd4...
6   3Qx3ApbCoc45FxqRVkty7E  ...  https://open.spotify.com/album/3Qx3ApbCoc45Fxq...
7   3RtFFza4brQXoNSv19g1ps  ...  https://open.spotify.com/album/3RtFFza4brQXoNS...
8   2Z5Dq0EmYGI7yUTIgRnuSY  ...  https://open.spotify.com/album/2Z5Dq0EmYGI7yUT...
9   2Svje8vKEM4VCKxoRyAvA4  ...  https://open.spotify.com/album/2Svje8vKEM4VCKx...
10  0gCcyIYaX8OK2BcKs8behf  ...  https://open.spotify.com/album/0gCcyIYaX8OK2Bc...
11  3I8PdIhk6pNm8Kv0HiF14V  ...  https://open.spotify.com/album/3I8PdIhk6pNm8Kv...
12  1JwvJZhFfcC2vFIuYTZlxF  ...  https://open.spotify.com/album/1JwvJZhFfcC2vFI...

[13 rows x 5 columns]
[2021-07-17 10:38:17,828] {logging_mixin.py:104} INFO -                  artist_id  ...                                                url
0   6dJeKm76NjfXBNTpHmOhfO  ...  https://open.spotify.com/artist/6dJeKm76NjfXBN...
1   4YRxDV8wJFPHPTeXepOstw  ...  https://open.spotify.com/artist/4YRxDV8wJFPHPT...
2   1zNqDE7qDGCsyzJwohVaoX  ...  https://open.spotify.com/artist/1zNqDE7qDGCsyz...
3   06HL4z0CvFAxyc27GXpf02  ...  https://open.spotify.com/artist/06HL4z0CvFAxyc...
4   0C8ZW7ezQVs4URX5aX7Kqx  ...  https://open.spotify.com/artist/0C8ZW7ezQVs4UR...
5   1mcTU81TzQhprhouKaTkpq  ...  https://open.spotify.com/artist/1mcTU81TzQhprh...
7   1OPqAyxsQc8mcRmoNBAnVk  ...  https://open.spotify.com/artist/1OPqAyxsQc8mcR...
8   4f7KfxeHq9BiylGmyXepGt  ...  https://open.spotify.com/artist/4f7KfxeHq9Biyl...
9   6AwwLwgIsTIXZ8kHWaZUj5  ...  https://open.spotify.com/artist/6AwwLwgIsTIXZ8...
11  76fuWYgIf3TVIopTs3vaJ6  ...  https://open.spotify.com/artist/76fuWYgIf3TVIo...
12  4IKVDbCSBTxBeAsMKjAuTs  ...  https://open.spotify.com/artist/4IKVDbCSBTxBeA...
13  3yMmYEklQ7gLOZXEFNd3xr  ...  https://open.spotify.com/artist/3yMmYEklQ7gLOZ...
14  1wRPtKGflJrBx9BmLsSwlU  ...  https://open.spotify.com/artist/1wRPtKGflJrBx9...
16  09UmIX92EUH9hAK4bxvHx6  ...  https://open.spotify.com/artist/09UmIX92EUH9hA...
17  5GnnSrwNCGyfAU4zuIytiS  ...  https://open.spotify.com/artist/5GnnSrwNCGyfAU...
18  19MVxKZZdPj2X0F8pi0OCT  ...  https://open.spotify.com/artist/19MVxKZZdPj2X0...
19  0y59o4v8uw5crbN9M3JiL1  ...  https://open.spotify.com/artist/0y59o4v8uw5crb...
20  2KhDedackjZfysiu7T7AwN  ...  https://open.spotify.com/artist/2KhDedackjZfys...
21  1ZCPRtzF2CRFnP9OYHQGmN  ...  https://open.spotify.com/artist/1ZCPRtzF2CRFnP...
22  7qATomOqJzoJiuEpAaxOXd  ...  https://open.spotify.com/artist/7qATomOqJzoJiu...
25  6UXtWzEh7DSBepGmaq7tXk  ...  https://open.spotify.com/artist/6UXtWzEh7DSBep...
26  4VS3XraXs2LRsowQnQ7VFh  ...  https://open.spotify.com/artist/4VS3XraXs2LRso...
27  4OFVqZNj0INA51VvzK3Lgw  ...  https://open.spotify.com/artist/4OFVqZNj0INA51...
28  0oOet2f43PA68X5RxKobEy  ...  https://open.spotify.com/artist/0oOet2f43PA68X...
29  0vkpFzbSTmwPuGGnhsblFI  ...  https://open.spotify.com/artist/0vkpFzbSTmwPuG...
30  418X5slNWlJwym4x3Oq3Cs  ...  https://open.spotify.com/artist/418X5slNWlJwym...
31  0KDEADL3DeTLtENG3DliCd  ...  https://open.spotify.com/artist/0KDEADL3DeTLtE...
32  6jf2eKjiPT6P18RbOSLzf0  ...  https://open.spotify.com/artist/6jf2eKjiPT6P18...
33  5u8D5g7TS3cNK5C4NU9mhV  ...  https://open.spotify.com/artist/5u8D5g7TS3cNK5...
35  2wEKXEd9OLGLX8Q5CRwcJS  ...  https://open.spotify.com/artist/2wEKXEd9OLGLX8...
36  4FJhE5ToBQGzOGf0D5Xd1C  ...  https://open.spotify.com/artist/4FJhE5ToBQGzOG...
37  5wQDQFm7Ku8WWGi5xqJ9lp  ...  https://open.spotify.com/artist/5wQDQFm7Ku8WWG...
38  3eDT9fwXKuHWFvgZaaYC5v  ...  https://open.spotify.com/artist/3eDT9fwXKuHWFv...
39  3xU8YsNNkmWSPewlB18NUz  ...  https://open.spotify.com/artist/3xU8YsNNkmWSPe...
40  2FV0sdO6uDLDe73NGLUQQq  ...  https://open.spotify.com/artist/2FV0sdO6uDLDe7...
41  5fvTHKKzW44A9867nPDocM  ...  https://open.spotify.com/artist/5fvTHKKzW44A98...
42  7HCqGPJcQTyGJ2yqntbuyr  ...  https://open.spotify.com/artist/7HCqGPJcQTyGJ2...
43  5LZ894xYE9MG1sal0gjt5L  ...  https://open.spotify.com/artist/5LZ894xYE9MG1s...
44  6RqKw1rO5NTdnowovO35qF  ...  https://open.spotify.com/artist/6RqKw1rO5NTdno...
45  3dN9MQpjIyNxyeRfz4EDZe  ...  https://open.spotify.com/artist/3dN9MQpjIyNxye...
46  6zsgSg6Sei0eS5L4Sk4tdo  ...  https://open.spotify.com/artist/6zsgSg6Sei0eS5...
47  2bIg95CGHmriFZX7MsnFRK  ...  https://open.spotify.com/artist/2bIg95CGHmriFZ...
48  04FsFHujpuqonrPXZrEJlK  ...  https://open.spotify.com/artist/04FsFHujpuqonr...
50  2oSONSC9zQ4UonDKnLqksx  ...  https://open.spotify.com/artist/2oSONSC9zQ4Uon...

[44 rows x 3 columns]
[2021-07-17 10:38:17,986] {logging_mixin.py:104} INFO - Added in database successfully
[2021-07-17 10:38:17,988] {python.py:151} INFO - Done. Returned value was: None
[2021-07-17 10:38:18,003] {taskinstance.py:1211} INFO - Marking task as SUCCESS. dag_id=spotify_dag, task_id=spotify_etl, execution_date=20210717T103813, start_date=20210717T103816, end_date=20210717T103818
[2021-07-17 10:38:18,047] {taskinstance.py:1265} INFO - 0 downstream tasks scheduled from follow-on schedule check
[2021-07-17 10:38:18,099] {local_task_job.py:149} INFO - Task exited with return code 0
