[2021-07-17 10:44:54,864] {taskinstance.py:896} INFO - Dependencies all met for <TaskInstance: spotify_dag.spotify_etl 2021-07-17T10:44:52.099133+00:00 [queued]>
[2021-07-17 10:44:54,898] {taskinstance.py:896} INFO - Dependencies all met for <TaskInstance: spotify_dag.spotify_etl 2021-07-17T10:44:52.099133+00:00 [queued]>
[2021-07-17 10:44:54,900] {taskinstance.py:1087} INFO - 
--------------------------------------------------------------------------------
[2021-07-17 10:44:54,901] {taskinstance.py:1088} INFO - Starting attempt 1 of 2
[2021-07-17 10:44:54,902] {taskinstance.py:1089} INFO - 
--------------------------------------------------------------------------------
[2021-07-17 10:44:54,923] {taskinstance.py:1107} INFO - Executing <Task(PythonOperator): spotify_etl> on 2021-07-17T10:44:52.099133+00:00
[2021-07-17 10:44:54,929] {standard_task_runner.py:52} INFO - Started process 5844 to run task
[2021-07-17 10:44:54,937] {standard_task_runner.py:76} INFO - Running: ['***', 'tasks', 'run', 'spotify_dag', 'spotify_etl', '2021-07-17T10:44:52.099133+00:00', '--job-id', '184', '--pool', 'default_pool', '--raw', '--subdir', 'DAGS_FOLDER/spotify_dag.py', '--cfg-path', '/tmp/tmpmpw476kx', '--error-file', '/tmp/tmpfrlbddg9']
[2021-07-17 10:44:54,939] {standard_task_runner.py:77} INFO - Job 184: Subtask spotify_etl
[2021-07-17 10:44:55,013] {logging_mixin.py:104} INFO - Running <TaskInstance: spotify_dag.spotify_etl 2021-07-17T10:44:52.099133+00:00 [running]> on host 47b2820c0b7e
[2021-07-17 10:44:55,099] {taskinstance.py:1302} INFO - Exporting the following env vars:
AIRFLOW_CTX_DAG_EMAIL=***@example.com
AIRFLOW_CTX_DAG_OWNER=***
AIRFLOW_CTX_DAG_ID=spotify_dag
AIRFLOW_CTX_TASK_ID=spotify_etl
AIRFLOW_CTX_EXECUTION_DATE=2021-07-17T10:44:52.099133+00:00
AIRFLOW_CTX_DAG_RUN_ID=manual__2021-07-17T10:44:52.099133+00:00
[2021-07-17 10:44:55,813] {logging_mixin.py:104} INFO -                                   unique_identifier  ...               artist_id
0   0LThjFY2iTtNdd4wviwVV2-2021-07-17T10:44:29.721Z  ...  3Nrfpe0tUJi4K4DXYWgMUX
1   2bgTY4UwhfBYhGT4HUYStN-2021-07-17T10:42:40.211Z  ...  3Nrfpe0tUJi4K4DXYWgMUX
2   5Nm9ERjJZ5oyfXZTECKmRt-2021-07-17T10:41:46.464Z  ...  2wY79sveU1sp5g7SokKOiI
3   3TcL0dyCMyr0kyTTc4NLgI-2021-07-17T09:13:12.647Z  ...  6dJeKm76NjfXBNTpHmOhfO
4   4dljlmVE5RTpAiEwCi6kkD-2021-07-17T06:38:09.115Z  ...  0LyfQWJT6nXafLPZqxe9Of
5   2BgEsaKNfHUdlh97KmvFyo-2021-07-17T06:20:00.932Z  ...  1zNqDE7qDGCsyzJwohVaoX
6   6FB3v4YcR57y4tXFcdxI1E-2021-07-17T05:57:29.563Z  ...  06HL4z0CvFAxyc27GXpf02
7   079Ey5uxL04AKPQgVQwx5h-2021-07-17T05:52:09.733Z  ...  0C8ZW7ezQVs4URX5aX7Kqx
8   4l0Mvzj72xxOpRrp6h8nHi-2021-07-17T05:34:32.537Z  ...  0C8ZW7ezQVs4URX5aX7Kqx
9   68iBMrMRc1rg4eAxJbvxch-2021-07-17T02:47:19.534Z  ...  1OPqAyxsQc8mcRmoNBAnVk
10  1YMLgvsQdE27r30q0fsLeV-2021-07-17T02:44:04.538Z  ...  0sSxphmGskGCKlwB9xa6WU
11  4TAdD9qxGEZR8hQQL3DXH8-2021-07-17T02:38:23.271Z  ...  4IKVDbCSBTxBeAsMKjAuTs
12  5qtEWwRUX3GKgpWwDQf9SA-2021-07-17T02:33:13.613Z  ...  1wRPtKGflJrBx9BmLsSwlU
13  7rMqbvNImA6wy8lxlNUMmj-2021-07-17T02:28:55.079Z  ...  09UmIX92EUH9hAK4bxvHx6
14  2Fv2injs4qAm8mJBGaxVKU-2021-07-17T02:23:43.585Z  ...  4YRxDV8wJFPHPTeXepOstw
15  0qPLlSlMNQgI3z6wykpL8R-2021-07-17T02:18:58.304Z  ...  0LyfQWJT6nXafLPZqxe9Of
16  4dljlmVE5RTpAiEwCi6kkD-2021-07-17T02:14:57.757Z  ...  0LyfQWJT6nXafLPZqxe9Of
17  4dljlmVE5RTpAiEwCi6kkD-2021-07-17T01:55:08.725Z  ...  0LyfQWJT6nXafLPZqxe9Of

[18 rows x 9 columns]
[2021-07-17 10:44:55,863] {logging_mixin.py:104} INFO -                   album_id  ...                                                url
0   1iLUfFVZF8bltkBkONumgG  ...  https://open.spotify.com/album/1iLUfFVZF8bltkB...
1   1HnJKmB4P6Z8RBdLMWx18w  ...  https://open.spotify.com/album/1HnJKmB4P6Z8RBd...
2   08jWgM4vSkTose4blKBWov  ...  https://open.spotify.com/album/08jWgM4vSkTose4...
3   49yHvRh1cOfLcEKukEP7Ox  ...  https://open.spotify.com/album/49yHvRh1cOfLcEK...
4   5Mpodk3gBVn1eSAVlfbci4  ...  https://open.spotify.com/album/5Mpodk3gBVn1eSA...
5   7lPoGKpCGgdKFAxpudhAH5  ...  https://open.spotify.com/album/7lPoGKpCGgdKFAx...
6   4jTYApZPMapg56gRycOn0D  ...  https://open.spotify.com/album/4jTYApZPMapg56g...
7   2jGa3OwXatFYQAIS7OV7k9  ...  https://open.spotify.com/album/2jGa3OwXatFYQAI...
8   3YPFaTR7WMi1Hd4NVKdCJx  ...  https://open.spotify.com/album/3YPFaTR7WMi1Hd4...
9   3Qx3ApbCoc45FxqRVkty7E  ...  https://open.spotify.com/album/3Qx3ApbCoc45Fxq...
10  3RtFFza4brQXoNSv19g1ps  ...  https://open.spotify.com/album/3RtFFza4brQXoNS...
11  2Z5Dq0EmYGI7yUTIgRnuSY  ...  https://open.spotify.com/album/2Z5Dq0EmYGI7yUT...
12  2Svje8vKEM4VCKxoRyAvA4  ...  https://open.spotify.com/album/2Svje8vKEM4VCKx...
13  0gCcyIYaX8OK2BcKs8behf  ...  https://open.spotify.com/album/0gCcyIYaX8OK2Bc...
14  3I8PdIhk6pNm8Kv0HiF14V  ...  https://open.spotify.com/album/3I8PdIhk6pNm8Kv...
15  1JwvJZhFfcC2vFIuYTZlxF  ...  https://open.spotify.com/album/1JwvJZhFfcC2vFI...

[16 rows x 5 columns]
[2021-07-17 10:44:55,912] {logging_mixin.py:104} INFO -                  artist_id  ...                                                url
0   3Nrfpe0tUJi4K4DXYWgMUX  ...  https://open.spotify.com/artist/3Nrfpe0tUJi4K4...
2   2wY79sveU1sp5g7SokKOiI  ...  https://open.spotify.com/artist/2wY79sveU1sp5g...
3   6dJeKm76NjfXBNTpHmOhfO  ...  https://open.spotify.com/artist/6dJeKm76NjfXBN...
4   4YRxDV8wJFPHPTeXepOstw  ...  https://open.spotify.com/artist/4YRxDV8wJFPHPT...
5   1zNqDE7qDGCsyzJwohVaoX  ...  https://open.spotify.com/artist/1zNqDE7qDGCsyz...
6   06HL4z0CvFAxyc27GXpf02  ...  https://open.spotify.com/artist/06HL4z0CvFAxyc...
7   0C8ZW7ezQVs4URX5aX7Kqx  ...  https://open.spotify.com/artist/0C8ZW7ezQVs4UR...
8   1mcTU81TzQhprhouKaTkpq  ...  https://open.spotify.com/artist/1mcTU81TzQhprh...
10  1OPqAyxsQc8mcRmoNBAnVk  ...  https://open.spotify.com/artist/1OPqAyxsQc8mcR...
11  4f7KfxeHq9BiylGmyXepGt  ...  https://open.spotify.com/artist/4f7KfxeHq9Biyl...
12  6AwwLwgIsTIXZ8kHWaZUj5  ...  https://open.spotify.com/artist/6AwwLwgIsTIXZ8...
14  76fuWYgIf3TVIopTs3vaJ6  ...  https://open.spotify.com/artist/76fuWYgIf3TVIo...
15  4IKVDbCSBTxBeAsMKjAuTs  ...  https://open.spotify.com/artist/4IKVDbCSBTxBeA...
16  3yMmYEklQ7gLOZXEFNd3xr  ...  https://open.spotify.com/artist/3yMmYEklQ7gLOZ...
17  1wRPtKGflJrBx9BmLsSwlU  ...  https://open.spotify.com/artist/1wRPtKGflJrBx9...
19  09UmIX92EUH9hAK4bxvHx6  ...  https://open.spotify.com/artist/09UmIX92EUH9hA...
20  5GnnSrwNCGyfAU4zuIytiS  ...  https://open.spotify.com/artist/5GnnSrwNCGyfAU...
21  19MVxKZZdPj2X0F8pi0OCT  ...  https://open.spotify.com/artist/19MVxKZZdPj2X0...
22  0y59o4v8uw5crbN9M3JiL1  ...  https://open.spotify.com/artist/0y59o4v8uw5crb...
23  2KhDedackjZfysiu7T7AwN  ...  https://open.spotify.com/artist/2KhDedackjZfys...
24  1ZCPRtzF2CRFnP9OYHQGmN  ...  https://open.spotify.com/artist/1ZCPRtzF2CRFnP...
25  7qATomOqJzoJiuEpAaxOXd  ...  https://open.spotify.com/artist/7qATomOqJzoJiu...
28  6UXtWzEh7DSBepGmaq7tXk  ...  https://open.spotify.com/artist/6UXtWzEh7DSBep...
29  4VS3XraXs2LRsowQnQ7VFh  ...  https://open.spotify.com/artist/4VS3XraXs2LRso...
30  4OFVqZNj0INA51VvzK3Lgw  ...  https://open.spotify.com/artist/4OFVqZNj0INA51...
31  0oOet2f43PA68X5RxKobEy  ...  https://open.spotify.com/artist/0oOet2f43PA68X...
32  0vkpFzbSTmwPuGGnhsblFI  ...  https://open.spotify.com/artist/0vkpFzbSTmwPuG...
33  418X5slNWlJwym4x3Oq3Cs  ...  https://open.spotify.com/artist/418X5slNWlJwym...
34  0KDEADL3DeTLtENG3DliCd  ...  https://open.spotify.com/artist/0KDEADL3DeTLtE...
35  6jf2eKjiPT6P18RbOSLzf0  ...  https://open.spotify.com/artist/6jf2eKjiPT6P18...
36  5u8D5g7TS3cNK5C4NU9mhV  ...  https://open.spotify.com/artist/5u8D5g7TS3cNK5...
38  2wEKXEd9OLGLX8Q5CRwcJS  ...  https://open.spotify.com/artist/2wEKXEd9OLGLX8...
39  4FJhE5ToBQGzOGf0D5Xd1C  ...  https://open.spotify.com/artist/4FJhE5ToBQGzOG...
40  5wQDQFm7Ku8WWGi5xqJ9lp  ...  https://open.spotify.com/artist/5wQDQFm7Ku8WWG...
41  3eDT9fwXKuHWFvgZaaYC5v  ...  https://open.spotify.com/artist/3eDT9fwXKuHWFv...
42  3xU8YsNNkmWSPewlB18NUz  ...  https://open.spotify.com/artist/3xU8YsNNkmWSPe...
43  2FV0sdO6uDLDe73NGLUQQq  ...  https://open.spotify.com/artist/2FV0sdO6uDLDe7...
44  5fvTHKKzW44A9867nPDocM  ...  https://open.spotify.com/artist/5fvTHKKzW44A98...
45  7HCqGPJcQTyGJ2yqntbuyr  ...  https://open.spotify.com/artist/7HCqGPJcQTyGJ2...
46  5LZ894xYE9MG1sal0gjt5L  ...  https://open.spotify.com/artist/5LZ894xYE9MG1s...
47  6RqKw1rO5NTdnowovO35qF  ...  https://open.spotify.com/artist/6RqKw1rO5NTdno...
48  3dN9MQpjIyNxyeRfz4EDZe  ...  https://open.spotify.com/artist/3dN9MQpjIyNxye...
49  6zsgSg6Sei0eS5L4Sk4tdo  ...  https://open.spotify.com/artist/6zsgSg6Sei0eS5...
50  2bIg95CGHmriFZX7MsnFRK  ...  https://open.spotify.com/artist/2bIg95CGHmriFZ...
51  04FsFHujpuqonrPXZrEJlK  ...  https://open.spotify.com/artist/04FsFHujpuqonr...
53  2oSONSC9zQ4UonDKnLqksx  ...  https://open.spotify.com/artist/2oSONSC9zQ4Uon...

[46 rows x 3 columns]
[2021-07-17 10:44:56,068] {logging_mixin.py:104} INFO - Added in database successfully
[2021-07-17 10:44:56,071] {python.py:151} INFO - Done. Returned value was: None
[2021-07-17 10:44:56,087] {taskinstance.py:1211} INFO - Marking task as SUCCESS. dag_id=spotify_dag, task_id=spotify_etl, execution_date=20210717T104452, start_date=20210717T104454, end_date=20210717T104456
[2021-07-17 10:44:56,160] {taskinstance.py:1265} INFO - 0 downstream tasks scheduled from follow-on schedule check
[2021-07-17 10:44:56,210] {local_task_job.py:149} INFO - Task exited with return code 0
