[2021-07-17 10:46:37,306] {taskinstance.py:896} INFO - Dependencies all met for <TaskInstance: spotify_dag.spotify_etl 2021-07-17T10:46:34.315984+00:00 [queued]>
[2021-07-17 10:46:37,347] {taskinstance.py:896} INFO - Dependencies all met for <TaskInstance: spotify_dag.spotify_etl 2021-07-17T10:46:34.315984+00:00 [queued]>
[2021-07-17 10:46:37,350] {taskinstance.py:1087} INFO - 
--------------------------------------------------------------------------------
[2021-07-17 10:46:37,368] {taskinstance.py:1088} INFO - Starting attempt 1 of 2
[2021-07-17 10:46:37,369] {taskinstance.py:1089} INFO - 
--------------------------------------------------------------------------------
[2021-07-17 10:46:37,396] {taskinstance.py:1107} INFO - Executing <Task(PythonOperator): spotify_etl> on 2021-07-17T10:46:34.315984+00:00
[2021-07-17 10:46:37,402] {standard_task_runner.py:52} INFO - Started process 5983 to run task
[2021-07-17 10:46:37,415] {standard_task_runner.py:76} INFO - Running: ['***', 'tasks', 'run', 'spotify_dag', 'spotify_etl', '2021-07-17T10:46:34.315984+00:00', '--job-id', '185', '--pool', 'default_pool', '--raw', '--subdir', 'DAGS_FOLDER/spotify_dag.py', '--cfg-path', '/tmp/tmp1batuufs', '--error-file', '/tmp/tmpbe94axe_']
[2021-07-17 10:46:37,418] {standard_task_runner.py:77} INFO - Job 185: Subtask spotify_etl
[2021-07-17 10:46:37,511] {logging_mixin.py:104} INFO - Running <TaskInstance: spotify_dag.spotify_etl 2021-07-17T10:46:34.315984+00:00 [running]> on host 47b2820c0b7e
[2021-07-17 10:46:37,609] {taskinstance.py:1302} INFO - Exporting the following env vars:
AIRFLOW_CTX_DAG_EMAIL=***@example.com
AIRFLOW_CTX_DAG_OWNER=***
AIRFLOW_CTX_DAG_ID=spotify_dag
AIRFLOW_CTX_TASK_ID=spotify_etl
AIRFLOW_CTX_EXECUTION_DATE=2021-07-17T10:46:34.315984+00:00
AIRFLOW_CTX_DAG_RUN_ID=manual__2021-07-17T10:46:34.315984+00:00
[2021-07-17 10:46:38,602] {logging_mixin.py:104} INFO -                                   unique_identifier  ...               artist_id
0   6vo7Y1iWyZvpjvFbf6BiZ5-2021-07-17T10:46:12.528Z  ...  1wRPtKGflJrBx9BmLsSwlU
1   0LThjFY2iTtNdd4wviwVV2-2021-07-17T10:44:29.721Z  ...  3Nrfpe0tUJi4K4DXYWgMUX
2   2bgTY4UwhfBYhGT4HUYStN-2021-07-17T10:42:40.211Z  ...  3Nrfpe0tUJi4K4DXYWgMUX
3   5Nm9ERjJZ5oyfXZTECKmRt-2021-07-17T10:41:46.464Z  ...  2wY79sveU1sp5g7SokKOiI
4   3TcL0dyCMyr0kyTTc4NLgI-2021-07-17T09:13:12.647Z  ...  6dJeKm76NjfXBNTpHmOhfO
5   4dljlmVE5RTpAiEwCi6kkD-2021-07-17T06:38:09.115Z  ...  0LyfQWJT6nXafLPZqxe9Of
6   2BgEsaKNfHUdlh97KmvFyo-2021-07-17T06:20:00.932Z  ...  1zNqDE7qDGCsyzJwohVaoX
7   6FB3v4YcR57y4tXFcdxI1E-2021-07-17T05:57:29.563Z  ...  06HL4z0CvFAxyc27GXpf02
8   079Ey5uxL04AKPQgVQwx5h-2021-07-17T05:52:09.733Z  ...  0C8ZW7ezQVs4URX5aX7Kqx
9   4l0Mvzj72xxOpRrp6h8nHi-2021-07-17T05:34:32.537Z  ...  0C8ZW7ezQVs4URX5aX7Kqx
10  68iBMrMRc1rg4eAxJbvxch-2021-07-17T02:47:19.534Z  ...  1OPqAyxsQc8mcRmoNBAnVk
11  1YMLgvsQdE27r30q0fsLeV-2021-07-17T02:44:04.538Z  ...  0sSxphmGskGCKlwB9xa6WU
12  4TAdD9qxGEZR8hQQL3DXH8-2021-07-17T02:38:23.271Z  ...  4IKVDbCSBTxBeAsMKjAuTs
13  5qtEWwRUX3GKgpWwDQf9SA-2021-07-17T02:33:13.613Z  ...  1wRPtKGflJrBx9BmLsSwlU
14  7rMqbvNImA6wy8lxlNUMmj-2021-07-17T02:28:55.079Z  ...  09UmIX92EUH9hAK4bxvHx6
15  2Fv2injs4qAm8mJBGaxVKU-2021-07-17T02:23:43.585Z  ...  4YRxDV8wJFPHPTeXepOstw
16  0qPLlSlMNQgI3z6wykpL8R-2021-07-17T02:18:58.304Z  ...  0LyfQWJT6nXafLPZqxe9Of
17  4dljlmVE5RTpAiEwCi6kkD-2021-07-17T02:14:57.757Z  ...  0LyfQWJT6nXafLPZqxe9Of
18  4dljlmVE5RTpAiEwCi6kkD-2021-07-17T01:55:08.725Z  ...  0LyfQWJT6nXafLPZqxe9Of

[19 rows x 9 columns]
[2021-07-17 10:46:38,685] {logging_mixin.py:104} INFO -                   album_id  ...                                                url
0   63jrLuBlHcMN7MUbjbJ4LI  ...  https://open.spotify.com/album/63jrLuBlHcMN7MU...
1   1iLUfFVZF8bltkBkONumgG  ...  https://open.spotify.com/album/1iLUfFVZF8bltkB...
2   1HnJKmB4P6Z8RBdLMWx18w  ...  https://open.spotify.com/album/1HnJKmB4P6Z8RBd...
3   08jWgM4vSkTose4blKBWov  ...  https://open.spotify.com/album/08jWgM4vSkTose4...
4   49yHvRh1cOfLcEKukEP7Ox  ...  https://open.spotify.com/album/49yHvRh1cOfLcEK...
5   5Mpodk3gBVn1eSAVlfbci4  ...  https://open.spotify.com/album/5Mpodk3gBVn1eSA...
6   7lPoGKpCGgdKFAxpudhAH5  ...  https://open.spotify.com/album/7lPoGKpCGgdKFAx...
7   4jTYApZPMapg56gRycOn0D  ...  https://open.spotify.com/album/4jTYApZPMapg56g...
8   2jGa3OwXatFYQAIS7OV7k9  ...  https://open.spotify.com/album/2jGa3OwXatFYQAI...
9   3YPFaTR7WMi1Hd4NVKdCJx  ...  https://open.spotify.com/album/3YPFaTR7WMi1Hd4...
10  3Qx3ApbCoc45FxqRVkty7E  ...  https://open.spotify.com/album/3Qx3ApbCoc45Fxq...
11  3RtFFza4brQXoNSv19g1ps  ...  https://open.spotify.com/album/3RtFFza4brQXoNS...
12  2Z5Dq0EmYGI7yUTIgRnuSY  ...  https://open.spotify.com/album/2Z5Dq0EmYGI7yUT...
13  2Svje8vKEM4VCKxoRyAvA4  ...  https://open.spotify.com/album/2Svje8vKEM4VCKx...
14  0gCcyIYaX8OK2BcKs8behf  ...  https://open.spotify.com/album/0gCcyIYaX8OK2Bc...
15  3I8PdIhk6pNm8Kv0HiF14V  ...  https://open.spotify.com/album/3I8PdIhk6pNm8Kv...
16  1JwvJZhFfcC2vFIuYTZlxF  ...  https://open.spotify.com/album/1JwvJZhFfcC2vFI...

[17 rows x 5 columns]
[2021-07-17 10:46:38,782] {logging_mixin.py:104} INFO -                  artist_id  ...                                                url
0   4YRxDV8wJFPHPTeXepOstw  ...  https://open.spotify.com/artist/4YRxDV8wJFPHPT...
1   3Nrfpe0tUJi4K4DXYWgMUX  ...  https://open.spotify.com/artist/3Nrfpe0tUJi4K4...
3   2wY79sveU1sp5g7SokKOiI  ...  https://open.spotify.com/artist/2wY79sveU1sp5g...
4   6dJeKm76NjfXBNTpHmOhfO  ...  https://open.spotify.com/artist/6dJeKm76NjfXBN...
6   1zNqDE7qDGCsyzJwohVaoX  ...  https://open.spotify.com/artist/1zNqDE7qDGCsyz...
7   06HL4z0CvFAxyc27GXpf02  ...  https://open.spotify.com/artist/06HL4z0CvFAxyc...
8   0C8ZW7ezQVs4URX5aX7Kqx  ...  https://open.spotify.com/artist/0C8ZW7ezQVs4UR...
9   1mcTU81TzQhprhouKaTkpq  ...  https://open.spotify.com/artist/1mcTU81TzQhprh...
11  1OPqAyxsQc8mcRmoNBAnVk  ...  https://open.spotify.com/artist/1OPqAyxsQc8mcR...
12  4f7KfxeHq9BiylGmyXepGt  ...  https://open.spotify.com/artist/4f7KfxeHq9Biyl...
13  6AwwLwgIsTIXZ8kHWaZUj5  ...  https://open.spotify.com/artist/6AwwLwgIsTIXZ8...
15  76fuWYgIf3TVIopTs3vaJ6  ...  https://open.spotify.com/artist/76fuWYgIf3TVIo...
16  4IKVDbCSBTxBeAsMKjAuTs  ...  https://open.spotify.com/artist/4IKVDbCSBTxBeA...
17  3yMmYEklQ7gLOZXEFNd3xr  ...  https://open.spotify.com/artist/3yMmYEklQ7gLOZ...
18  1wRPtKGflJrBx9BmLsSwlU  ...  https://open.spotify.com/artist/1wRPtKGflJrBx9...
20  09UmIX92EUH9hAK4bxvHx6  ...  https://open.spotify.com/artist/09UmIX92EUH9hA...
21  5GnnSrwNCGyfAU4zuIytiS  ...  https://open.spotify.com/artist/5GnnSrwNCGyfAU...
22  19MVxKZZdPj2X0F8pi0OCT  ...  https://open.spotify.com/artist/19MVxKZZdPj2X0...
23  0y59o4v8uw5crbN9M3JiL1  ...  https://open.spotify.com/artist/0y59o4v8uw5crb...
24  2KhDedackjZfysiu7T7AwN  ...  https://open.spotify.com/artist/2KhDedackjZfys...
25  1ZCPRtzF2CRFnP9OYHQGmN  ...  https://open.spotify.com/artist/1ZCPRtzF2CRFnP...
26  7qATomOqJzoJiuEpAaxOXd  ...  https://open.spotify.com/artist/7qATomOqJzoJiu...
29  6UXtWzEh7DSBepGmaq7tXk  ...  https://open.spotify.com/artist/6UXtWzEh7DSBep...
30  4VS3XraXs2LRsowQnQ7VFh  ...  https://open.spotify.com/artist/4VS3XraXs2LRso...
31  4OFVqZNj0INA51VvzK3Lgw  ...  https://open.spotify.com/artist/4OFVqZNj0INA51...
32  0oOet2f43PA68X5RxKobEy  ...  https://open.spotify.com/artist/0oOet2f43PA68X...
33  0vkpFzbSTmwPuGGnhsblFI  ...  https://open.spotify.com/artist/0vkpFzbSTmwPuG...
34  418X5slNWlJwym4x3Oq3Cs  ...  https://open.spotify.com/artist/418X5slNWlJwym...
35  0KDEADL3DeTLtENG3DliCd  ...  https://open.spotify.com/artist/0KDEADL3DeTLtE...
36  6jf2eKjiPT6P18RbOSLzf0  ...  https://open.spotify.com/artist/6jf2eKjiPT6P18...
37  5u8D5g7TS3cNK5C4NU9mhV  ...  https://open.spotify.com/artist/5u8D5g7TS3cNK5...
39  2wEKXEd9OLGLX8Q5CRwcJS  ...  https://open.spotify.com/artist/2wEKXEd9OLGLX8...
40  4FJhE5ToBQGzOGf0D5Xd1C  ...  https://open.spotify.com/artist/4FJhE5ToBQGzOG...
41  5wQDQFm7Ku8WWGi5xqJ9lp  ...  https://open.spotify.com/artist/5wQDQFm7Ku8WWG...
42  3eDT9fwXKuHWFvgZaaYC5v  ...  https://open.spotify.com/artist/3eDT9fwXKuHWFv...
43  3xU8YsNNkmWSPewlB18NUz  ...  https://open.spotify.com/artist/3xU8YsNNkmWSPe...
44  2FV0sdO6uDLDe73NGLUQQq  ...  https://open.spotify.com/artist/2FV0sdO6uDLDe7...
45  5fvTHKKzW44A9867nPDocM  ...  https://open.spotify.com/artist/5fvTHKKzW44A98...
46  7HCqGPJcQTyGJ2yqntbuyr  ...  https://open.spotify.com/artist/7HCqGPJcQTyGJ2...
47  5LZ894xYE9MG1sal0gjt5L  ...  https://open.spotify.com/artist/5LZ894xYE9MG1s...
48  6RqKw1rO5NTdnowovO35qF  ...  https://open.spotify.com/artist/6RqKw1rO5NTdno...
49  3dN9MQpjIyNxyeRfz4EDZe  ...  https://open.spotify.com/artist/3dN9MQpjIyNxye...
50  6zsgSg6Sei0eS5L4Sk4tdo  ...  https://open.spotify.com/artist/6zsgSg6Sei0eS5...
51  2bIg95CGHmriFZX7MsnFRK  ...  https://open.spotify.com/artist/2bIg95CGHmriFZ...
52  04FsFHujpuqonrPXZrEJlK  ...  https://open.spotify.com/artist/04FsFHujpuqonr...
54  2oSONSC9zQ4UonDKnLqksx  ...  https://open.spotify.com/artist/2oSONSC9zQ4Uon...

[46 rows x 3 columns]
[2021-07-17 10:46:39,020] {logging_mixin.py:104} INFO - Added in database successfully
[2021-07-17 10:46:39,027] {python.py:151} INFO - Done. Returned value was: None
[2021-07-17 10:46:39,059] {taskinstance.py:1211} INFO - Marking task as SUCCESS. dag_id=spotify_dag, task_id=spotify_etl, execution_date=20210717T104634, start_date=20210717T104637, end_date=20210717T104639
[2021-07-17 10:46:39,124] {taskinstance.py:1265} INFO - 0 downstream tasks scheduled from follow-on schedule check
[2021-07-17 10:46:39,158] {local_task_job.py:149} INFO - Task exited with return code 0
