[2021-07-17 10:35:43,171] {taskinstance.py:896} INFO - Dependencies all met for <TaskInstance: spotify_dag.spotify_etl 2021-07-17T10:34:36.312050+00:00 [queued]>
[2021-07-17 10:35:43,201] {taskinstance.py:896} INFO - Dependencies all met for <TaskInstance: spotify_dag.spotify_etl 2021-07-17T10:34:36.312050+00:00 [queued]>
[2021-07-17 10:35:43,202] {taskinstance.py:1087} INFO - 
--------------------------------------------------------------------------------
[2021-07-17 10:35:43,203] {taskinstance.py:1088} INFO - Starting attempt 2 of 2
[2021-07-17 10:35:43,204] {taskinstance.py:1089} INFO - 
--------------------------------------------------------------------------------
[2021-07-17 10:35:43,223] {taskinstance.py:1107} INFO - Executing <Task(PythonOperator): spotify_etl> on 2021-07-17T10:34:36.312050+00:00
[2021-07-17 10:35:43,228] {standard_task_runner.py:52} INFO - Started process 5134 to run task
[2021-07-17 10:35:43,236] {standard_task_runner.py:76} INFO - Running: ['***', 'tasks', 'run', 'spotify_dag', 'spotify_etl', '2021-07-17T10:34:36.312050+00:00', '--job-id', '180', '--pool', 'default_pool', '--raw', '--subdir', 'DAGS_FOLDER/spotify_dag.py', '--cfg-path', '/tmp/tmpxkp0grrs', '--error-file', '/tmp/tmpbdo19_aq']
[2021-07-17 10:35:43,238] {standard_task_runner.py:77} INFO - Job 180: Subtask spotify_etl
[2021-07-17 10:35:43,313] {logging_mixin.py:104} INFO - Running <TaskInstance: spotify_dag.spotify_etl 2021-07-17T10:34:36.312050+00:00 [running]> on host 47b2820c0b7e
[2021-07-17 10:35:43,398] {taskinstance.py:1302} INFO - Exporting the following env vars:
AIRFLOW_CTX_DAG_EMAIL=***@example.com
AIRFLOW_CTX_DAG_OWNER=***
AIRFLOW_CTX_DAG_ID=spotify_dag
AIRFLOW_CTX_TASK_ID=spotify_etl
AIRFLOW_CTX_EXECUTION_DATE=2021-07-17T10:34:36.312050+00:00
AIRFLOW_CTX_DAG_RUN_ID=manual__2021-07-17T10:34:36.312050+00:00
[2021-07-17 10:35:44,710] {logging_mixin.py:104} INFO -                                   unique_identifier  ...               artist_id
0   4dljlmVE5RTpAiEwCi6kkD-2021-07-17T06:38:09.115Z  ...  0LyfQWJT6nXafLPZqxe9Of
1   2BgEsaKNfHUdlh97KmvFyo-2021-07-17T06:20:00.932Z  ...  1zNqDE7qDGCsyzJwohVaoX
2   6FB3v4YcR57y4tXFcdxI1E-2021-07-17T05:57:29.563Z  ...  06HL4z0CvFAxyc27GXpf02
3   079Ey5uxL04AKPQgVQwx5h-2021-07-17T05:52:09.733Z  ...  0C8ZW7ezQVs4URX5aX7Kqx
4   4l0Mvzj72xxOpRrp6h8nHi-2021-07-17T05:34:32.537Z  ...  0C8ZW7ezQVs4URX5aX7Kqx
5   68iBMrMRc1rg4eAxJbvxch-2021-07-17T02:47:19.534Z  ...  1OPqAyxsQc8mcRmoNBAnVk
6   1YMLgvsQdE27r30q0fsLeV-2021-07-17T02:44:04.538Z  ...  0sSxphmGskGCKlwB9xa6WU
7   4TAdD9qxGEZR8hQQL3DXH8-2021-07-17T02:38:23.271Z  ...  4IKVDbCSBTxBeAsMKjAuTs
8   5qtEWwRUX3GKgpWwDQf9SA-2021-07-17T02:33:13.613Z  ...  1wRPtKGflJrBx9BmLsSwlU
9   7rMqbvNImA6wy8lxlNUMmj-2021-07-17T02:28:55.079Z  ...  09UmIX92EUH9hAK4bxvHx6
10  2Fv2injs4qAm8mJBGaxVKU-2021-07-17T02:23:43.585Z  ...  4YRxDV8wJFPHPTeXepOstw
11  0qPLlSlMNQgI3z6wykpL8R-2021-07-17T02:18:58.304Z  ...  0LyfQWJT6nXafLPZqxe9Of
12  4dljlmVE5RTpAiEwCi6kkD-2021-07-17T02:14:57.757Z  ...  0LyfQWJT6nXafLPZqxe9Of
13  4dljlmVE5RTpAiEwCi6kkD-2021-07-17T01:55:08.725Z  ...  0LyfQWJT6nXafLPZqxe9Of

[14 rows x 9 columns]
[2021-07-17 10:35:44,766] {logging_mixin.py:104} INFO -                   album_id  ...                                                url
0   5Mpodk3gBVn1eSAVlfbci4  ...  https://open.spotify.com/album/5Mpodk3gBVn1eSA...
1   7lPoGKpCGgdKFAxpudhAH5  ...  https://open.spotify.com/album/7lPoGKpCGgdKFAx...
2   4jTYApZPMapg56gRycOn0D  ...  https://open.spotify.com/album/4jTYApZPMapg56g...
3   2jGa3OwXatFYQAIS7OV7k9  ...  https://open.spotify.com/album/2jGa3OwXatFYQAI...
4   3YPFaTR7WMi1Hd4NVKdCJx  ...  https://open.spotify.com/album/3YPFaTR7WMi1Hd4...
5   3Qx3ApbCoc45FxqRVkty7E  ...  https://open.spotify.com/album/3Qx3ApbCoc45Fxq...
6   3RtFFza4brQXoNSv19g1ps  ...  https://open.spotify.com/album/3RtFFza4brQXoNS...
7   2Z5Dq0EmYGI7yUTIgRnuSY  ...  https://open.spotify.com/album/2Z5Dq0EmYGI7yUT...
8   2Svje8vKEM4VCKxoRyAvA4  ...  https://open.spotify.com/album/2Svje8vKEM4VCKx...
9   0gCcyIYaX8OK2BcKs8behf  ...  https://open.spotify.com/album/0gCcyIYaX8OK2Bc...
10  3I8PdIhk6pNm8Kv0HiF14V  ...  https://open.spotify.com/album/3I8PdIhk6pNm8Kv...
11  1JwvJZhFfcC2vFIuYTZlxF  ...  https://open.spotify.com/album/1JwvJZhFfcC2vFI...

[12 rows x 5 columns]
[2021-07-17 10:35:44,817] {logging_mixin.py:104} INFO -                  artist_id  ...                                                url
0   4YRxDV8wJFPHPTeXepOstw  ...  https://open.spotify.com/artist/4YRxDV8wJFPHPT...
1   1zNqDE7qDGCsyzJwohVaoX  ...  https://open.spotify.com/artist/1zNqDE7qDGCsyz...
2   06HL4z0CvFAxyc27GXpf02  ...  https://open.spotify.com/artist/06HL4z0CvFAxyc...
3   0C8ZW7ezQVs4URX5aX7Kqx  ...  https://open.spotify.com/artist/0C8ZW7ezQVs4UR...
4   1mcTU81TzQhprhouKaTkpq  ...  https://open.spotify.com/artist/1mcTU81TzQhprh...
6   1OPqAyxsQc8mcRmoNBAnVk  ...  https://open.spotify.com/artist/1OPqAyxsQc8mcR...
7   4f7KfxeHq9BiylGmyXepGt  ...  https://open.spotify.com/artist/4f7KfxeHq9Biyl...
8   6AwwLwgIsTIXZ8kHWaZUj5  ...  https://open.spotify.com/artist/6AwwLwgIsTIXZ8...
10  76fuWYgIf3TVIopTs3vaJ6  ...  https://open.spotify.com/artist/76fuWYgIf3TVIo...
11  4IKVDbCSBTxBeAsMKjAuTs  ...  https://open.spotify.com/artist/4IKVDbCSBTxBeA...
12  3yMmYEklQ7gLOZXEFNd3xr  ...  https://open.spotify.com/artist/3yMmYEklQ7gLOZ...
13  1wRPtKGflJrBx9BmLsSwlU  ...  https://open.spotify.com/artist/1wRPtKGflJrBx9...
15  09UmIX92EUH9hAK4bxvHx6  ...  https://open.spotify.com/artist/09UmIX92EUH9hA...
16  5GnnSrwNCGyfAU4zuIytiS  ...  https://open.spotify.com/artist/5GnnSrwNCGyfAU...
17  19MVxKZZdPj2X0F8pi0OCT  ...  https://open.spotify.com/artist/19MVxKZZdPj2X0...
18  0y59o4v8uw5crbN9M3JiL1  ...  https://open.spotify.com/artist/0y59o4v8uw5crb...
19  2KhDedackjZfysiu7T7AwN  ...  https://open.spotify.com/artist/2KhDedackjZfys...
20  1ZCPRtzF2CRFnP9OYHQGmN  ...  https://open.spotify.com/artist/1ZCPRtzF2CRFnP...
21  7qATomOqJzoJiuEpAaxOXd  ...  https://open.spotify.com/artist/7qATomOqJzoJiu...
24  6UXtWzEh7DSBepGmaq7tXk  ...  https://open.spotify.com/artist/6UXtWzEh7DSBep...
25  4VS3XraXs2LRsowQnQ7VFh  ...  https://open.spotify.com/artist/4VS3XraXs2LRso...
26  4OFVqZNj0INA51VvzK3Lgw  ...  https://open.spotify.com/artist/4OFVqZNj0INA51...
27  0oOet2f43PA68X5RxKobEy  ...  https://open.spotify.com/artist/0oOet2f43PA68X...
28  0vkpFzbSTmwPuGGnhsblFI  ...  https://open.spotify.com/artist/0vkpFzbSTmwPuG...
29  418X5slNWlJwym4x3Oq3Cs  ...  https://open.spotify.com/artist/418X5slNWlJwym...
30  0KDEADL3DeTLtENG3DliCd  ...  https://open.spotify.com/artist/0KDEADL3DeTLtE...
31  6jf2eKjiPT6P18RbOSLzf0  ...  https://open.spotify.com/artist/6jf2eKjiPT6P18...
32  5u8D5g7TS3cNK5C4NU9mhV  ...  https://open.spotify.com/artist/5u8D5g7TS3cNK5...
34  2wEKXEd9OLGLX8Q5CRwcJS  ...  https://open.spotify.com/artist/2wEKXEd9OLGLX8...
35  4FJhE5ToBQGzOGf0D5Xd1C  ...  https://open.spotify.com/artist/4FJhE5ToBQGzOG...
36  5wQDQFm7Ku8WWGi5xqJ9lp  ...  https://open.spotify.com/artist/5wQDQFm7Ku8WWG...
37  3eDT9fwXKuHWFvgZaaYC5v  ...  https://open.spotify.com/artist/3eDT9fwXKuHWFv...
38  3xU8YsNNkmWSPewlB18NUz  ...  https://open.spotify.com/artist/3xU8YsNNkmWSPe...
39  2FV0sdO6uDLDe73NGLUQQq  ...  https://open.spotify.com/artist/2FV0sdO6uDLDe7...
40  5fvTHKKzW44A9867nPDocM  ...  https://open.spotify.com/artist/5fvTHKKzW44A98...
41  7HCqGPJcQTyGJ2yqntbuyr  ...  https://open.spotify.com/artist/7HCqGPJcQTyGJ2...
42  5LZ894xYE9MG1sal0gjt5L  ...  https://open.spotify.com/artist/5LZ894xYE9MG1s...
43  6RqKw1rO5NTdnowovO35qF  ...  https://open.spotify.com/artist/6RqKw1rO5NTdno...
44  3dN9MQpjIyNxyeRfz4EDZe  ...  https://open.spotify.com/artist/3dN9MQpjIyNxye...
45  6zsgSg6Sei0eS5L4Sk4tdo  ...  https://open.spotify.com/artist/6zsgSg6Sei0eS5...
46  2bIg95CGHmriFZX7MsnFRK  ...  https://open.spotify.com/artist/2bIg95CGHmriFZ...
47  04FsFHujpuqonrPXZrEJlK  ...  https://open.spotify.com/artist/04FsFHujpuqonr...
49  2oSONSC9zQ4UonDKnLqksx  ...  https://open.spotify.com/artist/2oSONSC9zQ4Uon...

[43 rows x 3 columns]
[2021-07-17 10:35:44,991] {logging_mixin.py:104} INFO - Added in database successfully
[2021-07-17 10:35:44,993] {python.py:151} INFO - Done. Returned value was: None
[2021-07-17 10:35:45,009] {taskinstance.py:1211} INFO - Marking task as SUCCESS. dag_id=spotify_dag, task_id=spotify_etl, execution_date=20210717T103436, start_date=20210717T103543, end_date=20210717T103545
[2021-07-17 10:35:45,054] {taskinstance.py:1265} INFO - 0 downstream tasks scheduled from follow-on schedule check
[2021-07-17 10:35:45,070] {local_task_job.py:149} INFO - Task exited with return code 0
